<?xml version="1.0" encoding="UTF-8"?>
<!-- Generated by org.testng.reporters.JUnitXMLReporter -->
<testsuite ignored="0" hostname="SAM" failures="0" tests="5" name="Verify herokuapp Api Websites" time="12.492" errors="0" timestamp="2025-05-27T12:18:38 IST">
  <testcase classname="com.herokuapp.api.BookingTest" name="createBooking" time="6.046"/>
  <testcase classname="com.herokuapp.api.BookingTest" name="getBooking" time="1.245"/>
  <testcase classname="com.herokuapp.api.BookingTest" name="updateBooking" time="1.056"/>
  <testcase classname="com.herokuapp.api.BookingTest" name="partialUpdateBooking" time="0.979"/>
  <testcase classname="com.herokuapp.api.BookingTest" name="deleteBooking" time="1.079"/>
</testsuite> <!-- Verify herokuapp Api Websites -->
