<?xml version="1.0" encoding="UTF-8"?>
<testng-results ignored="0" total="1" passed="1" failed="0" skipped="0">
  <reporter-output>
  </reporter-output>
  <suite started-at="2025-06-01T21:44:28 IST" name="Default suite" finished-at="2025-06-01T21:44:55 IST" duration-ms="26293">
    <groups>
    </groups>
    <test started-at="2025-06-01T21:44:28 IST" name="Default test" finished-at="2025-06-01T21:44:55 IST" duration-ms="26293">
      <class name="com.facebook.app.Test.LoginTest">
        <test-method is-config="true" signature="setUp()[pri:0, instance:com.facebook.app.Test.LoginTest@69997e9d]" started-at="2025-06-01T21:44:29 IST" name="setUp" finished-at="2025-06-01T21:44:34 IST" duration-ms="5306" status="PASS">
          <reporter-output>
          </reporter-output>
        </test-method> <!-- setUp -->
        <test-method signature="testValidLogin()[pri:0, instance:com.facebook.app.Test.LoginTest@69997e9d]" started-at="2025-06-01T21:44:34 IST" name="testValidLogin" finished-at="2025-06-01T21:44:54 IST" duration-ms="20406" status="PASS">
          <reporter-output>
          </reporter-output>
        </test-method> <!-- testValidLogin -->
        <test-method is-config="true" signature="tearDown()[pri:0, instance:com.facebook.app.Test.LoginTest@69997e9d]" started-at="2025-06-01T21:44:54 IST" name="tearDown" finished-at="2025-06-01T21:44:55 IST" duration-ms="522" status="PASS">
          <reporter-output>
          </reporter-output>
        </test-method> <!-- tearDown -->
      </class> <!-- com.facebook.app.Test.LoginTest -->
    </test> <!-- Default test -->
  </suite> <!-- Default suite -->
</testng-results>
